<?xml version="1.0" encoding="UTF-8"?>
<testng-results ignored="0" total="1" passed="0" failed="1" skipped="0">
  <reporter-output>
  </reporter-output>
  <suite started-at="2021-02-02T03:59:30 IST" name="Default suite" finished-at="2021-02-02T03:59:34 IST" duration-ms="3910">
    <groups>
      <group name="smoke">
        <method signature="GetSchedulesByClassTest.GetSchedulesByClassTest_TC001()[pri:0, instance:com.extramarks.assessment.apis.tests.GetSchedulesByClass.GetSchedulesByClassTest@7551da2a]" name="GetSchedulesByClassTest_TC001" class="com.extramarks.assessment.apis.tests.GetSchedulesByClass.GetSchedulesByClassTest"/>
      </group> <!-- smoke -->
    </groups>
    <test started-at="2021-02-02T03:59:30 IST" name="Default test" finished-at="2021-02-02T03:59:34 IST" duration-ms="3910">
      <class name="com.extramarks.assessment.apis.tests.GetSchedulesByClass.GetSchedulesByClassTest">
        <test-method is-config="true" signature="setAllureEnvironment()[pri:0, instance:com.extramarks.assessment.apis.tests.GetSchedulesByClass.GetSchedulesByClassTest@7551da2a]" started-at="2021-02-02T03:59:30 IST" name="setAllureEnvironment" finished-at="2021-02-02T03:59:30 IST" duration-ms="252" status="PASS">
          <reporter-output>
          </reporter-output>
        </test-method> <!-- setAllureEnvironment -->
        <test-method signature="GetSchedulesByClassTest_TC001()[pri:0, instance:com.extramarks.assessment.apis.tests.GetSchedulesByClass.GetSchedulesByClassTest@7551da2a]" started-at="2021-02-02T03:59:30 IST" name="GetSchedulesByClassTest_TC001" finished-at="2021-02-02T03:59:34 IST" duration-ms="3749" status="FAIL">
          <exception class="java.lang.AssertionError">
            <message>
              <![CDATA[expected [1] but found [0]]]>
            </message>
            <full-stacktrace>
              <![CDATA[java.lang.AssertionError: expected [1] but found [0]
at org.testng.Assert.fail(Assert.java:99)
at org.testng.Assert.failNotEquals(Assert.java:1037)
at org.testng.Assert.assertEqualsImpl(Assert.java:140)
at org.testng.Assert.assertEquals(Assert.java:122)
at org.testng.Assert.assertEquals(Assert.java:629)
at org.testng.Assert.assertEquals(Assert.java:639)
at com.extramarks.assessment.apis.tests.GetSchedulesByClass.GetSchedulesByClassTest.assertSuccessResponse(GetSchedulesByClassTest.java:49)
at com.extramarks.assessment.apis.tests.GetSchedulesByClass.GetSchedulesByClassTest.GetSchedulesByClassTest_TC001(GetSchedulesByClassTest.java:39)
at java.base/jdk.internal.reflect.NativeMethodAccessorImpl.invoke0(Native Method)
at java.base/jdk.internal.reflect.NativeMethodAccessorImpl.invoke(NativeMethodAccessorImpl.java:64)
at java.base/jdk.internal.reflect.DelegatingMethodAccessorImpl.invoke(DelegatingMethodAccessorImpl.java:43)
at java.base/java.lang.reflect.Method.invoke(Method.java:564)
at org.testng.internal.MethodInvocationHelper.invokeMethod(MethodInvocationHelper.java:132)
at org.testng.internal.InvokeMethodRunnable.runOne(InvokeMethodRunnable.java:45)
at org.testng.internal.InvokeMethodRunnable.call(InvokeMethodRunnable.java:73)
at org.testng.internal.InvokeMethodRunnable.call(InvokeMethodRunnable.java:11)
at java.base/java.util.concurrent.FutureTask.run(FutureTask.java:264)
at java.base/java.util.concurrent.ThreadPoolExecutor.runWorker(ThreadPoolExecutor.java:1130)
at java.base/java.util.concurrent.ThreadPoolExecutor$Worker.run(ThreadPoolExecutor.java:630)
at java.base/java.lang.Thread.run(Thread.java:832)
]]>
            </full-stacktrace>
          </exception> <!-- java.lang.AssertionError -->
          <reporter-output>
          </reporter-output>
        </test-method> <!-- GetSchedulesByClassTest_TC001 -->
      </class> <!-- com.extramarks.assessment.apis.tests.GetSchedulesByClass.GetSchedulesByClassTest -->
    </test> <!-- Default test -->
  </suite> <!-- Default suite -->
</testng-results>
